INFO:root:2022-12-08 12:17:04.956155 /home/ljin/Projects/poiqa/results/Subcategory_Other_Professional_Place.csv created.
INFO:root:2022-12-08 12:17:06.263442 /home/ljin/Projects/poiqa/results/Subcategory_House.csv created.
WARNING:root:2022-12-08 12:17:06.270527 The commons list has less than 20 elements.        len(Harbor) = 15
INFO:root:2022-12-08 12:17:06.270714 /home/ljin/Projects/poiqa/results/Subcategory_Harbor.csv created.
INFO:root:2022-12-08 12:17:07.391519 /home/ljin/Projects/poiqa/results/Subcategory_Korean_Food.csv created.
INFO:root:2022-12-08 12:17:07.626772 /home/ljin/Projects/poiqa/results/Subcategory_Coffee_Shop.csv created.
INFO:root:2022-12-08 12:17:07.660969 /home/ljin/Projects/poiqa/results/Subcategory_Motel.csv created.
INFO:root:2022-12-08 12:17:09.357983 /home/ljin/Projects/poiqa/results/Subcategory_Business_Facility.csv created.
INFO:root:2022-12-08 12:17:10.712552 /home/ljin/Projects/poiqa/results/Subcategory_Other_Shops_and_Service.csv created.
INFO:root:2022-12-08 12:17:10.725967 /home/ljin/Projects/poiqa/results/Subcategory_Market.csv created.
INFO:root:2022-12-08 12:17:10.790946 /home/ljin/Projects/poiqa/results/Subcategory_Chinese_Food.csv created.
INFO:root:2022-12-08 12:17:10.827506 /home/ljin/Projects/poiqa/results/Subcategory_Consumer_Electronics_Store.csv created.
INFO:root:2022-12-08 12:17:10.912408 /home/ljin/Projects/poiqa/results/Subcategory_Electrical.csv created.
INFO:root:2022-12-08 12:17:11.085889 /home/ljin/Projects/poiqa/results/Subcategory_Parking.csv created.
INFO:root:2022-12-08 12:17:11.744686 /home/ljin/Projects/poiqa/results/Subcategory_Other_Education.csv created.
INFO:root:2022-12-08 12:17:11.778890 /home/ljin/Projects/poiqa/results/Subcategory_Nursing_Home.csv created.
INFO:root:2022-12-08 12:17:12.418739 /home/ljin/Projects/poiqa/results/Subcategory_Building.csv created.
INFO:root:2022-12-08 12:17:12.440924 /home/ljin/Projects/poiqa/results/Subcategory_Footwear.csv created.
INFO:root:2022-12-08 12:17:12.609412 /home/ljin/Projects/poiqa/results/Subcategory_Chicken_Restaurant.csv created.
INFO:root:2022-12-08 12:17:12.617685 /home/ljin/Projects/poiqa/results/Subcategory_Aquarium.csv created.
INFO:root:2022-12-08 12:17:12.906022 /home/ljin/Projects/poiqa/results/Subcategory_Home_Improvement_Store.csv created.
INFO:root:2022-12-08 12:17:12.948580 /home/ljin/Projects/poiqa/results/Subcategory_Warehouse.csv created.
INFO:root:2022-12-08 12:17:13.004053 /home/ljin/Projects/poiqa/results/Subcategory_Bank.csv created.
INFO:root:2022-12-08 12:17:13.073907 /home/ljin/Projects/poiqa/results/Subcategory_Auto_Parts.csv created.
INFO:root:2022-12-08 12:17:13.255952 /home/ljin/Projects/poiqa/results/Subcategory_Grocery.csv created.
INFO:root:2022-12-08 12:17:13.523474 /home/ljin/Projects/poiqa/results/Subcategory_Beauty_Salon.csv created.
INFO:root:2022-12-08 12:17:13.541482 /home/ljin/Projects/poiqa/results/Subcategory_Orchard.csv created.
INFO:root:2022-12-08 12:17:13.593573 /home/ljin/Projects/poiqa/results/Subcategory_Bakery.csv created.
INFO:root:2022-12-08 12:17:13.770054 /home/ljin/Projects/poiqa/results/Subcategory_Auto_Maintenance.csv created.
INFO:root:2022-12-08 12:17:13.784033 /home/ljin/Projects/poiqa/results/Subcategory_Temple.csv created.
INFO:root:2022-12-08 12:17:13.883451 /home/ljin/Projects/poiqa/results/Subcategory_Laundry.csv created.
INFO:root:2022-12-08 12:17:13.954212 /home/ljin/Projects/poiqa/results/Subcategory_Other_Parks_and_Outdoors.csv created.
INFO:root:2022-12-08 12:17:13.972693 /home/ljin/Projects/poiqa/results/Subcategory_Fire_Station.csv created.
INFO:root:2022-12-08 12:17:14.032217 /home/ljin/Projects/poiqa/results/Subcategory_Butcher.csv created.
INFO:root:2022-12-08 12:17:14.073146 /home/ljin/Projects/poiqa/results/Subcategory_Japanese_Food.csv created.
INFO:root:2022-12-08 12:17:14.189358 /home/ljin/Projects/poiqa/results/Subcategory_Bed_and_Breakfast.csv created.
INFO:root:2022-12-08 12:17:14.214917 /home/ljin/Projects/poiqa/results/Subcategory_Pet_Store.csv created.
INFO:root:2022-12-08 12:17:14.351777 /home/ljin/Projects/poiqa/results/Subcategory_Clothing_Store.csv created.
INFO:root:2022-12-08 12:17:14.364439 /home/ljin/Projects/poiqa/results/Subcategory_Dock.csv created.
INFO:root:2022-12-08 12:17:14.372031 /home/ljin/Projects/poiqa/results/Subcategory_Port.csv created.
INFO:root:2022-12-08 12:17:14.424846 /home/ljin/Projects/poiqa/results/Subcategory_School.csv created.
INFO:root:2022-12-08 12:17:14.474871 /home/ljin/Projects/poiqa/results/Subcategory_Church.csv created.
INFO:root:2022-12-08 12:17:14.519547 /home/ljin/Projects/poiqa/results/Subcategory_Pizza.csv created.
INFO:root:2022-12-08 12:17:14.760901 /home/ljin/Projects/poiqa/results/Subcategory_Convenience_Store.csv created.
WARNING:root:2022-12-08 12:17:14.766844 The commons list has less than 20 elements.        len(Farm) = 5
INFO:root:2022-12-08 12:17:14.767298 /home/ljin/Projects/poiqa/results/Subcategory_Farm.csv created.
INFO:root:2022-12-08 12:17:14.786958 /home/ljin/Projects/poiqa/results/Subcategory_Veterinarian.csv created.
INFO:root:2022-12-08 12:17:14.797015 /home/ljin/Projects/poiqa/results/Subcategory_Sushi.csv created.
INFO:root:2022-12-08 12:17:14.862918 /home/ljin/Projects/poiqa/results/Subcategory_Mobile_Phone_Shop.csv created.
INFO:root:2022-12-08 12:17:14.921403 /home/ljin/Projects/poiqa/results/Subcategory_Furniture_Store.csv created.
INFO:root:2022-12-08 12:17:14.928019 /home/ljin/Projects/poiqa/results/Subcategory_Bridge.csv created.
WARNING:root:2022-12-08 12:17:14.933859 The commons list has less than 20 elements.        len(Ruin) = 9
INFO:root:2022-12-08 12:17:14.934294 /home/ljin/Projects/poiqa/results/Subcategory_Ruin.csv created.
INFO:root:2022-12-08 12:17:14.954487 /home/ljin/Projects/poiqa/results/Subcategory_Spa.csv created.
INFO:root:2022-12-08 12:17:14.983743 /home/ljin/Projects/poiqa/results/Subcategory_Billiards.csv created.
INFO:root:2022-12-08 12:17:15.009485 /home/ljin/Projects/poiqa/results/Subcategory_Jewelry.csv created.
INFO:root:2022-12-08 12:17:15.079873 /home/ljin/Projects/poiqa/results/Subcategory_Repair_Services.csv created.
INFO:root:2022-12-08 12:17:15.107121 /home/ljin/Projects/poiqa/results/Subcategory_Golf_Course.csv created.
INFO:root:2022-12-08 12:17:15.145034 /home/ljin/Projects/poiqa/results/Subcategory_Womens_Apparel.csv created.
INFO:root:2022-12-08 12:17:15.195001 /home/ljin/Projects/poiqa/results/Subcategory_Library.csv created.
INFO:root:2022-12-08 12:17:15.216043 /home/ljin/Projects/poiqa/results/Subcategory_Car_Wash.csv created.
INFO:root:2022-12-08 12:17:15.239976 /home/ljin/Projects/poiqa/results/Subcategory_Ice_Cream_Shop.csv created.
INFO:root:2022-12-08 12:17:15.262989 /home/ljin/Projects/poiqa/results/Subcategory_Hotel.csv created.
INFO:root:2022-12-08 12:17:15.339305 /home/ljin/Projects/poiqa/results/Subcategory_Dentist.csv created.
INFO:root:2022-12-08 12:17:15.492704 /home/ljin/Projects/poiqa/results/Subcategory_Hospital.csv created.
INFO:root:2022-12-08 12:17:15.504870 /home/ljin/Projects/poiqa/results/Subcategory_Pastries.csv created.
INFO:root:2022-12-08 12:17:15.523923 /home/ljin/Projects/poiqa/results/Subcategory_Bookstore.csv created.
INFO:root:2022-12-08 12:17:15.539867 /home/ljin/Projects/poiqa/results/Subcategory_American_Food.csv created.
INFO:root:2022-12-08 12:17:15.556081 /home/ljin/Projects/poiqa/results/Subcategory_Fishing.csv created.
INFO:root:2022-12-08 12:17:15.574650 /home/ljin/Projects/poiqa/results/Subcategory_Tennis_Court.csv created.
INFO:root:2022-12-08 12:17:15.582702 /home/ljin/Projects/poiqa/results/Subcategory_Food_and_Beverage_Shop.csv created.
INFO:root:2022-12-08 12:17:15.597461 /home/ljin/Projects/poiqa/results/Subcategory_Used_Car_Dealership.csv created.
INFO:root:2022-12-08 12:17:15.608568 /home/ljin/Projects/poiqa/results/Subcategory_Italian_Food.csv created.
INFO:root:2022-12-08 12:17:15.617462 /home/ljin/Projects/poiqa/results/Subcategory_Bowling_Alley.csv created.
INFO:root:2022-12-08 12:17:15.630049 /home/ljin/Projects/poiqa/results/Subcategory_Etc.csv created.
INFO:root:2022-12-08 12:17:15.662004 /home/ljin/Projects/poiqa/results/Subcategory_Sporting_Goods_Store.csv created.
INFO:root:2022-12-08 12:17:15.672431 /home/ljin/Projects/poiqa/results/Subcategory_Bus_Station.csv created.
INFO:root:2022-12-08 12:17:15.693380 /home/ljin/Projects/poiqa/results/Subcategory_Scientific_Research.csv created.
INFO:root:2022-12-08 12:17:15.715218 /home/ljin/Projects/poiqa/results/Subcategory_Burgers.csv created.
INFO:root:2022-12-08 12:17:15.790729 /home/ljin/Projects/poiqa/results/Subcategory_Gas_Station.csv created.
INFO:root:2022-12-08 12:17:15.806607 /home/ljin/Projects/poiqa/results/Subcategory_Metro_Station.csv created.
INFO:root:2022-12-08 12:17:15.838909 /home/ljin/Projects/poiqa/results/Subcategory_Tire_Store.csv created.
INFO:root:2022-12-08 12:17:15.851501 /home/ljin/Projects/poiqa/results/Subcategory_Basketball.csv created.
INFO:root:2022-12-08 12:17:15.866461 /home/ljin/Projects/poiqa/results/Subcategory_Mens_Apparel.csv created.
INFO:root:2022-12-08 12:17:15.896851 /home/ljin/Projects/poiqa/results/Subcategory_Optical.csv created.
WARNING:root:2022-12-08 12:17:15.902016 The commons list has 0 elements. No file is created for Moteorcycle Shop
INFO:root:2022-12-08 12:17:15.911310 /home/ljin/Projects/poiqa/results/Subcategory_Vietnamese_Food.csv created.
INFO:root:2022-12-08 12:17:15.930153 /home/ljin/Projects/poiqa/results/Subcategory_Rental_Cars.csv created.
INFO:root:2022-12-08 12:17:15.950903 /home/ljin/Projects/poiqa/results/Subcategory_Telecom.csv created.
INFO:root:2022-12-08 12:17:15.963483 /home/ljin/Projects/poiqa/results/Subcategory_College.csv created.
INFO:root:2022-12-08 12:17:15.979235 /home/ljin/Projects/poiqa/results/Subcategory_Pharmacy.csv created.
INFO:root:2022-12-08 12:17:16.028942 /home/ljin/Projects/poiqa/results/Subcategory_Government_Office.csv created.
INFO:root:2022-12-08 12:17:16.038185 /home/ljin/Projects/poiqa/results/Subcategory_Toy_Store.csv created.
INFO:root:2022-12-08 12:17:16.051176 /home/ljin/Projects/poiqa/results/Subcategory_Fitness_Center.csv created.
INFO:root:2022-12-08 12:17:16.060073 /home/ljin/Projects/poiqa/results/Subcategory_Southeast_Asian_Food.csv created.
INFO:root:2022-12-08 12:17:16.068988 /home/ljin/Projects/poiqa/results/Subcategory_Sandwich_Shop.csv created.
INFO:root:2022-12-08 12:17:16.080307 /home/ljin/Projects/poiqa/results/Subcategory_Post_Office.csv created.
INFO:root:2022-12-08 12:17:16.086883 /home/ljin/Projects/poiqa/results/Subcategory_Other_Arts_and_Entertainment.csv created.
INFO:root:2022-12-08 12:17:16.113913 /home/ljin/Projects/poiqa/results/Subcategory_Recreation_Facility.csv created.
WARNING:root:2022-12-08 12:17:16.119191 The commons list has 0 elements. No file is created for Other Religious Facility
INFO:root:2022-12-08 12:17:16.158504 /home/ljin/Projects/poiqa/results/Subcategory_Police_Station.csv created.
INFO:root:2022-12-08 12:17:16.164411 /home/ljin/Projects/poiqa/results/Subcategory_Resort.csv created.
INFO:root:2022-12-08 12:17:16.190653 /home/ljin/Projects/poiqa/results/Subcategory_Childrens_Apparel.csv created.
INFO:root:2022-12-08 12:17:16.197330 /home/ljin/Projects/poiqa/results/Subcategory_Tourist_Attraction.csv created.
INFO:root:2022-12-08 12:17:16.205842 /home/ljin/Projects/poiqa/results/Subcategory_Banquet_Hall.csv created.
WARNING:root:2022-12-08 12:17:16.211823 The commons list has less than 20 elements.        len(Tollbooth) = 13
INFO:root:2022-12-08 12:17:16.212030 /home/ljin/Projects/poiqa/results/Subcategory_Tollbooth.csv created.
INFO:root:2022-12-08 12:17:16.218784 /home/ljin/Projects/poiqa/results/Subcategory_Department_Store.csv created.
INFO:root:2022-12-08 12:17:16.230964 /home/ljin/Projects/poiqa/results/Subcategory_Art_Gallery.csv created.
WARNING:root:2022-12-08 12:17:16.236837 The commons list has less than 20 elements.        len(Amusement Park) = 16
INFO:root:2022-12-08 12:17:16.237124 /home/ljin/Projects/poiqa/results/Subcategory_Amusement_Park.csv created.
INFO:root:2022-12-08 12:17:16.244127 /home/ljin/Projects/poiqa/results/Subcategory_Performing_Arts.csv created.
WARNING:root:2022-12-08 12:17:16.249904 The commons list has less than 20 elements.        len(Wine and Liquor) = 17
INFO:root:2022-12-08 12:17:16.250252 /home/ljin/Projects/poiqa/results/Subcategory_Wine_and_Liquor.csv created.
WARNING:root:2022-12-08 12:17:16.255573 The commons list has less than 20 elements.        len(Thai Food) = 15
INFO:root:2022-12-08 12:17:16.255744 /home/ljin/Projects/poiqa/results/Subcategory_Thai_Food.csv created.
INFO:root:2022-12-08 12:17:16.273517 /home/ljin/Projects/poiqa/results/Subcategory_Auto_Dealership.csv created.
INFO:root:2022-12-08 12:17:16.279568 /home/ljin/Projects/poiqa/results/Subcategory_Rest_Area.csv created.
INFO:root:2022-12-08 12:17:16.290936 /home/ljin/Projects/poiqa/results/Subcategory_Beach.csv created.
INFO:root:2022-12-08 12:17:16.297355 /home/ljin/Projects/poiqa/results/Subcategory_Fusion_Food.csv created.
INFO:root:2022-12-08 12:17:16.304743 /home/ljin/Projects/poiqa/results/Subcategory_Office_Supplies_Store.csv created.
INFO:root:2022-12-08 12:17:16.310694 /home/ljin/Projects/poiqa/results/Subcategory_Ferry.csv created.
INFO:root:2022-12-08 12:17:16.319200 /home/ljin/Projects/poiqa/results/Subcategory_Soccer.csv created.
INFO:root:2022-12-08 12:17:16.325085 /home/ljin/Projects/poiqa/results/Subcategory_Steak_House.csv created.
INFO:root:2022-12-08 12:17:16.332622 /home/ljin/Projects/poiqa/results/Subcategory_Restaurant.csv created.
INFO:root:2022-12-08 12:17:16.341713 /home/ljin/Projects/poiqa/results/Subcategory_Museum.csv created.
WARNING:root:2022-12-08 12:17:16.347089 The commons list has less than 20 elements.        len(Court House) = 12
INFO:root:2022-12-08 12:17:16.347264 /home/ljin/Projects/poiqa/results/Subcategory_Court_House.csv created.
INFO:root:2022-12-08 12:17:16.354745 /home/ljin/Projects/poiqa/results/Subcategory_Cinema.csv created.
WARNING:root:2022-12-08 12:17:16.360071 The commons list has less than 20 elements.        len(Turkish Food) = 10
INFO:root:2022-12-08 12:17:16.360241 /home/ljin/Projects/poiqa/results/Subcategory_Turkish_Food.csv created.
INFO:root:2022-12-08 12:17:16.365791 /home/ljin/Projects/poiqa/results/Subcategory_Swimming_Pool.csv created.
INFO:root:2022-12-08 12:17:16.374312 /home/ljin/Projects/poiqa/results/Subcategory_Live_Music.csv created.
WARNING:root:2022-12-08 12:17:16.379630 The commons list has less than 20 elements.        len(Airport) = 4
INFO:root:2022-12-08 12:17:16.379819 /home/ljin/Projects/poiqa/results/Subcategory_Airport.csv created.
WARNING:root:2022-12-08 12:17:16.384898 The commons list has less than 20 elements.        len(Train Station) = 8
INFO:root:2022-12-08 12:17:16.385148 /home/ljin/Projects/poiqa/results/Subcategory_Train_Station.csv created.
WARNING:root:2022-12-08 12:17:16.390155 The commons list has less than 20 elements.        len(Radio Station) = 3
INFO:root:2022-12-08 12:17:16.390329 /home/ljin/Projects/poiqa/results/Subcategory_Radio_Station.csv created.
WARNING:root:2022-12-08 12:17:16.395233 The commons list has less than 20 elements.        len(Ice Skating Rink) = 5
INFO:root:2022-12-08 12:17:16.395375 /home/ljin/Projects/poiqa/results/Subcategory_Ice_Skating_Rink.csv created.
INFO:root:2022-12-08 12:17:16.401859 /home/ljin/Projects/poiqa/results/Subcategory_Candy_Store.csv created.
WARNING:root:2022-12-08 12:17:16.407650 The commons list has less than 20 elements.        len(Highway Exit) = 10
INFO:root:2022-12-08 12:17:16.407893 /home/ljin/Projects/poiqa/results/Subcategory_Highway_Exit.csv created.
INFO:root:2022-12-08 12:17:16.414381 /home/ljin/Projects/poiqa/results/Subcategory_Industrial_Zone.csv created.
WARNING:root:2022-12-08 12:17:16.419795 The commons list has less than 20 elements.        len(Science Museum) = 10
INFO:root:2022-12-08 12:17:16.420086 /home/ljin/Projects/poiqa/results/Subcategory_Science_Museum.csv created.
WARNING:root:2022-12-08 12:17:16.424904 The commons list has less than 20 elements.        len(Taxi) = 3
INFO:root:2022-12-08 12:17:16.425061 /home/ljin/Projects/poiqa/results/Subcategory_Taxi.csv created.
INFO:root:2022-12-08 12:17:16.431230 /home/ljin/Projects/poiqa/results/Subcategory_History_Museum.csv created.
WARNING:root:2022-12-08 12:17:16.436648 The commons list has less than 20 elements.        len(Hot Spring) = 7
INFO:root:2022-12-08 12:17:16.437166 /home/ljin/Projects/poiqa/results/Subcategory_Hot_Spring.csv created.
WARNING:root:2022-12-08 12:17:16.442527 The commons list has less than 20 elements.        len(Hostel) = 11
INFO:root:2022-12-08 12:17:16.442711 /home/ljin/Projects/poiqa/results/Subcategory_Hostel.csv created.
WARNING:root:2022-12-08 12:17:16.447845 The commons list has less than 20 elements.        len(Mexican Food) = 7
INFO:root:2022-12-08 12:17:16.448006 /home/ljin/Projects/poiqa/results/Subcategory_Mexican_Food.csv created.
WARNING:root:2022-12-08 12:17:16.454558 The commons list has less than 20 elements.        len(Cargo Center) = 11
INFO:root:2022-12-08 12:17:16.454822 /home/ljin/Projects/poiqa/results/Subcategory_Cargo_Center.csv created.
WARNING:root:2022-12-08 12:17:16.459878 The commons list has less than 20 elements.        len(Seafood) = 7
INFO:root:2022-12-08 12:17:16.460071 /home/ljin/Projects/poiqa/results/Subcategory_Seafood.csv created.
WARNING:root:2022-12-08 12:17:16.464984 The commons list has less than 20 elements.        len(Shrine) = 6
INFO:root:2022-12-08 12:17:16.465117 /home/ljin/Projects/poiqa/results/Subcategory_Shrine.csv created.
WARNING:root:2022-12-08 12:17:16.471009 The commons list has less than 20 elements.        len(Shooting Range) = 17
INFO:root:2022-12-08 12:17:16.471272 /home/ljin/Projects/poiqa/results/Subcategory_Shooting_Range.csv created.
WARNING:root:2022-12-08 12:17:16.476321 The commons list has less than 20 elements.        len(Embassy) = 5
INFO:root:2022-12-08 12:17:16.476519 /home/ljin/Projects/poiqa/results/Subcategory_Embassy.csv created.
WARNING:root:2022-12-08 12:17:16.481647 The commons list has less than 20 elements.        len(French Food) = 5
INFO:root:2022-12-08 12:17:16.481865 /home/ljin/Projects/poiqa/results/Subcategory_French_Food.csv created.
WARNING:root:2022-12-08 12:17:16.487150 The commons list has less than 20 elements.        len(Tunnel) = 2
INFO:root:2022-12-08 12:17:16.487436 /home/ljin/Projects/poiqa/results/Subcategory_Tunnel.csv created.
WARNING:root:2022-12-08 12:17:16.492812 The commons list has less than 20 elements.        len(Observatory) = 10
INFO:root:2022-12-08 12:17:16.493001 /home/ljin/Projects/poiqa/results/Subcategory_Observatory.csv created.
WARNING:root:2022-12-08 12:17:16.497894 The commons list has less than 20 elements.        len(Water Treatment) = 3
INFO:root:2022-12-08 12:17:16.498109 /home/ljin/Projects/poiqa/results/Subcategory_Water_Treatment.csv created.
WARNING:root:2022-12-08 12:17:16.503205 The commons list has less than 20 elements.        len(Spanish Food) = 2
INFO:root:2022-12-08 12:17:16.503499 /home/ljin/Projects/poiqa/results/Subcategory_Spanish_Food.csv created.
WARNING:root:2022-12-08 12:17:16.508452 The commons list has less than 20 elements.        len(Zoo) = 3
INFO:root:2022-12-08 12:17:16.508658 /home/ljin/Projects/poiqa/results/Subcategory_Zoo.csv created.
WARNING:root:2022-12-08 12:17:16.513662 The commons list has less than 20 elements.        len(Scenic Overlook) = 3
INFO:root:2022-12-08 12:17:16.513906 /home/ljin/Projects/poiqa/results/Subcategory_Scenic_Overlook.csv created.
INFO:root:2022-12-08 12:17:16.513962 Built all prep csvs
INFO:root:2022-12-08 14:28:05.941853 Subcategory_Bank.csv processed. Found these to be problematic:
출장소,새마을금고,인천,기업은행,본점,금융,남동,지점,센터,공단,주안
INFO:root:Bank
	Original Length:147466
	Incorrect Length:210
	Percentage:0.14240570707824177
INFO:root:2022-12-08 14:29:04.467891 Subcategory_Airport.csv processed. Found these to be problematic:

INFO:root:Airport
	Original Length:147466
	Incorrect Length:0
	Percentage:0.0
INFO:root:2022-12-08 14:29:49.713295 Subcategory_Basketball.csv processed. Found these to be problematic:
한화,농구장,단지,타운
INFO:root:Basketball
	Original Length:147466
	Incorrect Length:11
	Percentage:0.007459346561241235
INFO:root:2022-12-08 14:31:18.903058 Subcategory_Motel.csv processed. Found these to be problematic:
파크,랜드,테마,호텔,스테이,인천,모텔
INFO:root:Motel
	Original Length:147466
	Incorrect Length:103
	Percentage:0.06984660870980429
INFO:root:2022-12-08 14:33:24.235446 Subcategory_Motel.csv processed. Found these to be problematic:
스테이,호텔,랜드,인천,테마
INFO:root:Motel
	Original Length:147466
	Incorrect Length:14
	Percentage:0.009493713805216117
INFO:root:2022-12-08 14:36:19.674217 Subcategory_Motel.csv processed. Found these to be problematic:
스테이,호텔,랜드,인천
INFO:root:Motel
	Original Length:147466
	Incorrect Length:9
	Percentage:0.006103101731924647
INFO:root:2022-12-08 14:37:36.424634 Subcategory_Motel.csv processed. Found these to be problematic:
인천,스테이,호텔
INFO:root:Motel
	Original Length:147466
	Incorrect Length:3
	Percentage:0.0020343672439748824
INFO:root:2022-12-08 14:40:09.478081 Subcategory_Pizza.csv processed. Found these to be problematic:
구월,인천,피자,피자헛,연수
INFO:root:Pizza
	Original Length:147466
	Incorrect Length:26
	Percentage:0.017631182781115647
INFO:root:2022-12-08 14:41:36.988589 Subcategory_Pizza.csv processed. Found these to be problematic:
연수,인천,피자,구월
INFO:root:Pizza
	Original Length:147466
	Incorrect Length:10
	Percentage:0.006781224146582941
INFO:root:2022-12-08 14:57:23.582357 Subcategory_Car_Wash.csv processed. Found these to be problematic:
세차,스팀,자동차
INFO:root:Car Wash
	Original Length:147466
	Incorrect Length:16
	Percentage:0.010849958634532706
INFO:root:2022-12-08 14:58:32.216305 Subcategory_Car_Wash.csv processed. Found these to be problematic:
세차,자동차,스팀
INFO:root:Car Wash
	Original Length:147466
	Incorrect Length:6
	Percentage:0.004068734487949765
INFO:root:2022-12-08 15:06:29.685945 Subcategory_School.csv processed. Found these to be problematic:
인천,중학교,국제학교
INFO:root:School
	Original Length:147466
	Incorrect Length:7
	Percentage:0.004746856902608058
INFO:root:2022-12-08 15:07:24.143555 Subcategory_School.csv processed. Found these to be problematic:
중학교,인천
INFO:root:School
	Original Length:147466
	Incorrect Length:3
	Percentage:0.0020343672439748824
INFO:root:2022-12-08 15:09:58.574207 Subcategory_Restaurant.csv processed. Found these to be problematic:
스테이크하우스
INFO:root:Restaurant
	Original Length:147466
	Incorrect Length:7
	Percentage:0.004746856902608058
INFO:root:2022-12-08 15:10:28.513529 Subcategory_Restaurant.csv processed. Found these to be problematic:

INFO:root:Restaurant
	Original Length:147466
	Incorrect Length:0
	Percentage:0.0
INFO:root:2022-12-08 15:12:34.271996 Subcategory_Womens_Apparel.csv processed. Found these to be problematic:
롯데백화점
INFO:root:Womens Apparel
	Original Length:147466
	Incorrect Length:58
	Percentage:0.03933110005018106
INFO:root:2022-12-08 15:12:45.465475 Subcategory_Womens_Apparel.csv processed. Found these to be problematic:

INFO:root:Womens Apparel
	Original Length:147466
	Incorrect Length:0
	Percentage:0.0
INFO:root:2022-12-08 15:14:52.537280 Subcategory_Tire_Store.csv processed. Found these to be problematic:
타이어,한국타이어,인천,자동차
INFO:root:Tire Store
	Original Length:147466
	Incorrect Length:19
	Percentage:0.012884325878507588
INFO:root:2022-12-08 15:17:56.021725 Subcategory_Parking.csv processed. Found these to be problematic:
인천,병원,공영,센터,교회,주차장,주안
INFO:root:Parking
	Original Length:147466
	Incorrect Length:152
	Percentage:0.1030746070280607
INFO:root:2022-12-09 10:47:13.463431 Subcategory_Korean_Food.csv processed. Found these to be problematic:
족발,본점,인천,갈비,칼국수,분식,김밥,곱창,떡볶이,부평,식당,순대
INFO:root:Korean Food
	Original Length:147466
	Incorrect Length:1581
	Percentage:1.072111537574763
INFO:root:2022-12-09 10:48:50.401257 Subcategory_Korean_Food.csv processed. Found these to be problematic:
부평,분식,본점,김밥,떡볶이,칼국수,순대,식당,족발,인천,곱창,갈비
INFO:root:Korean Food
	Original Length:10181
	Incorrect Length:1581
	Percentage:15.528926431588253
INFO:root:2022-12-09 10:55:23.709910 Subcategory_Vietnamese_Food.csv processed. Found these to be problematic:
메인,쌀국수
INFO:root:Vietnamese Food
	Original Length:33
	Incorrect Length:8
	Percentage:24.242424242424242
INFO:root:2022-12-09 10:59:38.657320 Subcategory_Tire_Store.csv processed. Found these to be problematic:
자동차,한국타이어,타이어,인천
INFO:root:Tire Store
	Original Length:255
	Incorrect Length:19
	Percentage:7.450980392156863
INFO:root:2022-12-09 11:04:59.037199 Subcategory_Tunnel.csv processed. Found these to be problematic:
터널
INFO:root:Tunnel
	Original Length:1
	Incorrect Length:1
	Percentage:100.0
INFO:root:2022-12-09 11:05:16.906014 Subcategory_Tunnel.csv processed. Found these to be problematic:
터널
INFO:root:Tunnel
	Original Length:1
	Incorrect Length:1
	Percentage:100.0
INFO:root:2022-12-09 11:07:04.419459 Subcategory_Burgers.csv processed. Found these to be problematic:
구월,맥도날드,인천,송도
INFO:root:Burgers
	Original Length:170
	Incorrect Length:23
	Percentage:13.529411764705882
INFO:root:2022-12-09 11:08:49.299294 Subcategory_Burgers.csv processed. Found these to be problematic:
구월,송도,맥도날드,인천
INFO:root:Burgers
	Original Length:170
	Incorrect Length:5
	Percentage:2.9411764705882355
INFO:root:2022-12-09 11:09:08.973856 Subcategory_Burgers.csv processed. Found these to be problematic:
맥도날드,송도,구월,인천
INFO:root:Burgers
	Original Length:170
	Incorrect Length:23
	Percentage:13.529411764705882
INFO:root:2022-12-09 11:09:35.498862 Subcategory_Burgers.csv processed. Found these to be problematic:
송도,맥도날드,구월,인천
INFO:root:Burgers
	Original Length:170
	Incorrect Length:5
	Percentage:2.9411764705882355
INFO:root:2022-12-09 11:11:55.003788 Subcategory_Southeast_Asian_Food.csv processed. Found these to be problematic:
오리,마라탕,인천,쌀국수
INFO:root:Southeast Asian Food
	Original Length:41
	Incorrect Length:7
	Percentage:17.073170731707318
INFO:root:2022-12-09 11:15:42.932749 Subcategory_Convenience_Store.csv processed. Found these to be problematic:
구월,미니스톱,주안,인천,연수,이마트,영종
INFO:root:Convenience Store
	Original Length:2150
	Incorrect Length:232
	Percentage:10.790697674418604
INFO:root:2022-12-09 11:16:35.156770 Subcategory_Convenience_Store.csv processed. Found these to be problematic:
영종,미니스톱,구월,연수,이마트,인천,주안
INFO:root:Convenience Store
	Original Length:2150
	Incorrect Length:116
	Percentage:5.395348837209302
INFO:root:2022-12-09 11:23:23.384700 Subcategory_Bus_Station.csv processed. Found these to be problematic:
마을,환승,센터,정류장
INFO:root:Bus Station
	Original Length:70
	Incorrect Length:16
	Percentage:22.857142857142858
INFO:root:2022-12-09 11:28:43.301794 Subcategory_Bus_Station.csv processed. Found these to be problematic:
센터,환승,정류장
INFO:root:Bus Station
	Original Length:70
	Incorrect Length:12
	Percentage:17.142857142857142
INFO:root:2022-12-09 11:31:32.461293 Subcategory_Cinema.csv processed. Found these to be problematic:
영화,연수,메가박스
INFO:root:Cinema
	Original Length:27
	Incorrect Length:3
	Percentage:11.11111111111111
INFO:root:2022-12-09 11:42:25.489605 Subcategory_Coffee_Shop.csv processed. Found these to be problematic:
구월,인천,다방,카페,커피
INFO:root:Coffee Shop
	Original Length:2659
	Incorrect Length:194
	Percentage:7.295975930801053
INFO:root:2022-12-09 11:46:42.455384 Subcategory_Korean_Food.csv processed. Found these to be problematic:
갈비,분식,인천,본점,순대,김밥,족발,떡볶이,곱창,식당,칼국수,부평
INFO:root:Korean Food
	Original Length:10181
	Incorrect Length:1581
	Percentage:15.528926431588253
INFO:root:2022-12-09 11:52:33.082666 Subcategory_Grocery.csv processed. Found these to be problematic:
유통,매점,상회,현대,할인,슈퍼,인천,농협,마트
INFO:root:Grocery
	Original Length:1747
	Incorrect Length:443
	Percentage:25.357756153405838
INFO:root:2022-12-09 11:56:35.789091 Subcategory_Furniture_Store.csv processed. Found these to be problematic:
인천,동서,부평,전시장,가구
INFO:root:Furniture Store
	Original Length:614
	Incorrect Length:16
	Percentage:2.6058631921824102
INFO:root:2022-12-09 11:59:37.515760 Subcategory_Italian_Food.csv processed. Found these to be problematic:
나폴리,비스트
INFO:root:Italian Food
	Original Length:64
	Incorrect Length:7
	Percentage:10.9375
INFO:root:2022-12-09 12:00:45.906221 Subcategory_Italian_Food.csv processed. Found these to be problematic:
비스트로,나폴리
INFO:root:Italian Food
	Original Length:64
	Incorrect Length:2
	Percentage:3.125
INFO:root:2022-12-09 12:02:53.046732 Subcategory_Ice_Cream_Shop.csv processed. Found these to be problematic:
구월,홈플러스,인천,배스킨라빈스
INFO:root:Ice Cream Shop
	Original Length:146
	Incorrect Length:105
	Percentage:71.91780821917808
INFO:root:2022-12-09 12:10:08.165429 Subcategory_Metro_Station.csv processed. Found these to be problematic:
원인재역,철도
INFO:root:Metro Station
	Original Length:91
	Incorrect Length:7
	Percentage:7.6923076923076925
INFO:root:2022-12-09 12:10:46.168094 Subcategory_Metro_Station.csv processed. Found these to be problematic:
원인재역,자기부상
INFO:root:Metro Station
	Original Length:91
	Incorrect Length:7
	Percentage:7.6923076923076925
INFO:root:2022-12-09 12:11:10.835405 Subcategory_Metro_Station.csv processed. Found these to be problematic:
원인재역
INFO:root:Metro Station
	Original Length:91
	Incorrect Length:1
	Percentage:1.098901098901099
INFO:root:2022-12-09 12:14:10.337964 Subcategory_College.csv processed. Found these to be problematic:
인천대학교,신학,전문대학,대학
INFO:root:College
	Original Length:57
	Incorrect Length:9
	Percentage:15.789473684210526
INFO:root:2022-12-09 12:17:30.882434 Subcategory_College.csv processed. Found these to be problematic:
전문대학,인천대학교,대학,신학
INFO:root:College
	Original Length:57
	Incorrect Length:14
	Percentage:24.56140350877193
INFO:root:2022-12-09 12:36:57.827403 Subcategory_Toy_Store.csv processed. Found these to be problematic:
매니아,프라모델
INFO:root:Toy Store
	Original Length:50
	Incorrect Length:2
	Percentage:4.0
INFO:root:2022-12-12 08:30:13.539686 Subcategory_Toy_Store.csv processed. Found these to be problematic:
프라모델,매니아
INFO:root:Toy Store
	Original Length:50
	Incorrect Length:2
	Percentage:4.0
INFO:root:2022-12-12 08:30:29.131853 Subcategory_Japanese_Food.csv processed. Found these to be problematic:
우동,연어,샤브샤브,인천,일식,구월,초밥,돈가스,부평,본점
INFO:root:Japanese Food
	Original Length:402
	Incorrect Length:53
	Percentage:13.18407960199005
INFO:root:2022-12-12 08:37:59.874962 Subcategory_Japanese_Food.csv processed. Found these to be problematic:
구월,우동,인천,돈가스,일식,연어,샤브샤브,초밥,부평,본점
INFO:root:Japanese Food
	Original Length:402
	Incorrect Length:47
	Percentage:11.691542288557214
INFO:root:2022-12-12 08:43:15.517472 Subcategory_Laundry.csv processed. Found these to be problematic:
수선,운동화,세탁소,세탁,현대
INFO:root:Laundry
	Original Length:1067
	Incorrect Length:350
	Percentage:32.802249297094654
INFO:root:2022-12-12 08:44:16.282739 Subcategory_Laundry.csv processed. Found these to be problematic:
현대,세탁,운동화,수선,세탁소
INFO:root:Laundry
	Original Length:1067
	Incorrect Length:343
	Percentage:32.146204311152765
INFO:root:2022-12-12 08:50:25.199714 Subcategory_Ice_Skating_Rink.csv processed. Found these to be problematic:
야외
INFO:root:Ice Skating Rink
	Original Length:1
	Incorrect Length:1
	Percentage:100.0
INFO:root:2022-12-12 08:50:43.499865 Subcategory_Ice_Skating_Rink.csv processed. Found these to be problematic:

INFO:root:Ice Skating Rink
	Original Length:1
	Incorrect Length:0
	Percentage:0.0
INFO:root:2022-12-12 08:51:54.917467 Subcategory_Train_Station.csv processed. Found these to be problematic:
화물
INFO:root:Train Station
	Original Length:2
	Incorrect Length:1
	Percentage:50.0
INFO:root:2022-12-12 08:52:52.375895 Subcategory_Train_Station.csv processed. Found these to be problematic:

INFO:root:Train Station
	Original Length:2
	Incorrect Length:0
	Percentage:0.0
INFO:root:2022-12-12 08:54:12.260584 Subcategory_Turkish_Food.csv processed. Found these to be problematic:

INFO:root:Turkish Food
	Original Length:6
	Incorrect Length:0
	Percentage:0.0
INFO:root:2022-12-12 08:58:17.062592 Subcategory_Turkish_Food.csv processed. Found these to be problematic:

INFO:root:Turkish Food
	Original Length:6
	Incorrect Length:0
	Percentage:0.0
INFO:root:2022-12-12 08:58:34.297588 Subcategory_Tourist_Attraction.csv processed. Found these to be problematic:
유원지,광장,상트페테르부르크
INFO:root:Tourist Attraction
	Original Length:20
	Incorrect Length:8
	Percentage:40.0
INFO:root:2022-12-12 08:59:47.811397 Subcategory_Tourist_Attraction.csv processed. Found these to be problematic:
유원지,광장,하늘
INFO:root:Tourist Attraction
	Original Length:20
	Incorrect Length:7
	Percentage:35.0
INFO:root:2022-12-12 09:05:34.690047 Subcategory_Sushi.csv processed. Found these to be problematic:
초밥,궁기,유진
INFO:root:Sushi
	Original Length:72
	Incorrect Length:5
	Percentage:6.944444444444445
INFO:root:2022-12-12 10:27:39.836002 Subcategory_Sushi.csv processed. Found these to be problematic:
초밥,궁기,유진
INFO:root:Sushi
	Original Length:72
	Incorrect Length:5
	Percentage:6.944444444444445
INFO:root:2022-12-12 10:40:38.814541 Subcategory_Other_Professional_Place.csv processed. Found these to be problematic:
정문,공원,후문,지하,단지,센터,송도,빌딩,입구,인천,아파트,부평,복지,출구
INFO:root:Other Professional Place
	Original Length:21786
	Incorrect Length:17750
	Percentage:81.47434132011384
INFO:root:2022-12-12 10:40:39.619216 Subcategory_House.csv processed. Found these to be problematic:
오피스텔,드림,타운,파크빌,삼성,현대,아트,주택,빌라,하우스,그린,아파트,리지,맨션,캐슬
INFO:root:House
	Original Length:20413
	Incorrect Length:14056
	Percentage:68.85808063488953
INFO:root:2022-12-12 10:40:39.734343 Subcategory_Harbor.csv processed. Found these to be problematic:
장곳항,외포항,산포,포구,인천항,선착장
INFO:root:Harbor
	Original Length:9
	Incorrect Length:9
	Percentage:100.0
INFO:root:2022-12-12 10:40:39.881474 Subcategory_Korean_Food.csv processed. Found these to be problematic:
분식,곱창,김밥,떡볶이,족발,본점,갈비,인천,식당,부평,순대,칼국수
INFO:root:Korean Food
	Original Length:10181
	Incorrect Length:1581
	Percentage:15.528926431588253
INFO:root:2022-12-12 10:40:39.932088 Subcategory_Coffee_Shop.csv processed. Found these to be problematic:
커피,다방,인천,카페,구월
INFO:root:Coffee Shop
	Original Length:2659
	Incorrect Length:194
	Percentage:7.295975930801053
INFO:root:2022-12-12 10:40:39.945720 Subcategory_Motel.csv processed. Found these to be problematic:
스테이,인천,호텔
INFO:root:Motel
	Original Length:539
	Incorrect Length:3
	Percentage:0.5565862708719852
WARNING:root:2022-12-12 10:40:40.054040 Subcategory.BUSINESS dictionary is not yet built
INFO:root:2022-12-12 10:40:40.345892 Subcategory_Other_Shops_and_Service.csv processed. Found these to be problematic:
자원,인테리어,단지,상사,네일,대리점,종합,센터,송도,인천,상가,아파트,부평,지점
INFO:root:Other Shops and Service
	Original Length:15760
	Incorrect Length:4726
	Percentage:29.987309644670052
INFO:root:2022-12-12 10:40:40.399426 Subcategory_Market.csv processed. Found these to be problematic:
시장,소래
INFO:root:Market
	Original Length:86
	Incorrect Length:74
	Percentage:86.04651162790698
INFO:root:2022-12-12 10:40:40.423897 Subcategory_Chinese_Food.csv processed. Found these to be problematic:
반점,짬뽕,탕수육,중화요리,본점,꼬치,인천,차이나,마라탕,중국
INFO:root:Chinese Food
	Original Length:795
	Incorrect Length:353
	Percentage:44.40251572327044
INFO:root:2022-12-12 10:40:40.441053 Subcategory_Consumer_Electronics_Store.csv processed. Found these to be problematic:
가전,프라자,삼성,미싱,전자,센터,롯데하이마트,인천,매장,부평,종합,중고,디지털
INFO:root:Consumer Electronics Store
	Original Length:303
	Incorrect Length:226
	Percentage:74.58745874587459
INFO:root:2022-12-12 10:40:40.477521 Subcategory_Electrical.csv processed. Found these to be problematic:
케이,가스,전기,테크,산업,코리아,전자,시스템,에너지,인천,조명,기전
INFO:root:Electrical
	Original Length:1198
	Incorrect Length:715
	Percentage:59.68280467445743
INFO:root:2022-12-12 10:40:40.509035 Subcategory_Parking.csv processed. Found these to be problematic:
병원,주안,교회,센터,인천,주차장,공영
INFO:root:Parking
	Original Length:1420
	Incorrect Length:152
	Percentage:10.704225352112676
INFO:root:2022-12-12 10:40:40.700219 Subcategory_Other_Education.csv processed. Found these to be problematic:
교습소,캠퍼스,수학,영어,병설,어린이집,미술,아이,전문,교실,센터,유치원,송도,인천,학원,피아노
INFO:root:Other Education
	Original Length:6325
	Incorrect Length:5588
	Percentage:88.34782608695652
INFO:root:2022-12-12 10:40:40.763055 Subcategory_Nursing_Home.csv processed. Found these to be problematic:
드림,요양,실버,행복,노인,사랑,센터,복지
INFO:root:Nursing Home
	Original Length:311
	Incorrect Length:298
	Percentage:95.81993569131832
INFO:root:2022-12-12 10:40:40.924865 Subcategory_Building.csv processed. Found these to be problematic:
무소,드림,부동산,삼성,개발,현대,제일,중개,송도,조은,행운,랜드,우리,미래
INFO:root:Building
	Original Length:4504
	Incorrect Length:4081
	Percentage:90.60834813499112
INFO:root:2022-12-12 10:40:40.971812 Subcategory_Footwear.csv processed. Found these to be problematic:
엘칸토,아이,슈즈,제화,인천,홈플러스,부평,신발,중심
INFO:root:Footwear
	Original Length:158
	Incorrect Length:104
	Percentage:65.82278481012658
INFO:root:2022-12-12 10:40:41.022453 Subcategory_Chicken_Restaurant.csv processed. Found these to be problematic:
통닭,닭강정,치킨,송도,인천,페리카나,부평,동점
INFO:root:Chicken Restaurant
	Original Length:1301
	Incorrect Length:1106
	Percentage:85.01152959262106
INFO:root:2022-12-12 10:40:41.038978 No errors for the file: Aquarium
INFO:root:2022-12-12 10:40:41.138511 Subcategory_Home_Improvement_Store.csv processed. Found these to be problematic:
공사,전기,인테리어,개발,산업,종합,하수구,누수,설비,건설,인천,건축,수도,철물,변기
INFO:root:Home Improvement Store
	Original Length:3272
	Incorrect Length:2155
	Percentage:65.86185819070904
INFO:root:2022-12-12 10:40:41.179893 Subcategory_Warehouse.csv processed. Found these to be problematic:
케이,유통,통상,경인,로지스틱스,국제,센터,인천,창고,한국,푸드,종합,물류
INFO:root:Warehouse
	Original Length:511
	Incorrect Length:407
	Percentage:79.6477495107632
INFO:root:2022-12-12 10:40:41.199186 Subcategory_Bank.csv processed. Found these to be problematic:
남동,금융,기업은행,출장소,주안,센터,본점,인천,새마을금고,지점,공단
INFO:root:Bank
	Original Length:381
	Incorrect Length:208
	Percentage:54.59317585301837
INFO:root:2022-12-12 10:40:41.213930 Subcategory_Auto_Parts.csv processed. Found these to be problematic:
유리,부품,대리점,인천,자동차
INFO:root:Auto Parts
	Original Length:354
	Incorrect Length:74
	Percentage:20.903954802259886
INFO:root:2022-12-12 10:40:41.251653 Subcategory_Grocery.csv processed. Found these to be problematic:
유통,농협,슈퍼,매점,현대,마트,인천,할인,상회
INFO:root:Grocery
	Original Length:1747
	Incorrect Length:443
	Percentage:25.357756153405838
INFO:root:2022-12-12 10:40:41.330224 Subcategory_Beauty_Salon.csv processed. Found these to be problematic:
이용원,클럽,미용실,헤어,갤러리,이발관,라인,아트,사랑,인천,살롱,뷰티,부평
INFO:root:Beauty Salon
	Original Length:3869
	Incorrect Length:1139
	Percentage:29.439131558542257
INFO:root:2022-12-12 10:40:41.351898 Subcategory_Orchard.csv processed. Found these to be problematic:
나라,농장,농산물,과일,농원,마트,상회,야채
INFO:root:Orchard
	Original Length:186
	Incorrect Length:94
	Percentage:50.53763440860215
INFO:root:2022-12-12 10:40:41.366360 Subcategory_Bakery.csv processed. Found these to be problematic:
과자,뚜레쥬르,찹쌀,인천,구월,연수
INFO:root:Bakery
	Original Length:526
	Incorrect Length:77
	Percentage:14.638783269961976
INFO:root:2022-12-12 10:40:41.410251 Subcategory_Auto_Maintenance.csv processed. Found these to be problematic:
오토,광택,모터스,공업,인천,랜드,정비,자동차,서비스
INFO:root:Auto Maintenance
	Original Length:1618
	Incorrect Length:686
	Percentage:42.398022249690975
INFO:root:2022-12-12 10:40:41.426486 Subcategory_Temple.csv processed. Found these to be problematic:
대한불교조계종,선원,현사,수사,보문사,관음사,정사,운사,불사,명사
INFO:root:Temple
	Original Length:164
	Incorrect Length:54
	Percentage:32.926829268292686
INFO:root:2022-12-12 10:40:41.455510 Subcategory_Laundry.csv processed. Found these to be problematic:
수선,세탁,현대,세탁소,운동화
INFO:root:Laundry
	Original Length:1067
	Incorrect Length:343
	Percentage:32.146204311152765
INFO:root:2022-12-12 10:40:41.481742 Subcategory_Other_Parks_and_Outdoors.csv processed. Found these to be problematic:
공원,도시,영종,타운,배드민턴,체육,클럽,단지,자연,센터,파크,송도,인천,탁구,구역,아파트
INFO:root:Other Parks and Outdoors
	Original Length:466
	Incorrect Length:405
	Percentage:86.9098712446352
INFO:root:2022-12-12 10:40:41.495187 Subcategory_Fire_Station.csv processed. Found these to be problematic:
강화,구조,센터,지역,인천,부평
INFO:root:Fire Station
	Original Length:91
	Incorrect Length:91
	Percentage:100.0
INFO:root:2022-12-12 10:40:41.525566 Subcategory_Butcher.csv processed. Found these to be problematic:
미트,유통,정육,센터,인천,고기,우리,총각,도매,계란,화점,축산,한우
INFO:root:Butcher
	Original Length:662
	Incorrect Length:578
	Percentage:87.31117824773413
INFO:root:2022-12-12 10:40:41.542986 Subcategory_Japanese_Food.csv processed. Found these to be problematic:
샤브샤브,부평,돈가스,일식,본점,연어,우동,인천,구월,초밥
INFO:root:Japanese Food
	Original Length:402
	Incorrect Length:47
	Percentage:11.691542288557214
INFO:root:2022-12-12 10:40:41.582331 Subcategory_Bed_and_Breakfast.csv processed. Found these to be problematic:
노을,강화,바다,비치,여인숙,여관,마을,하우스,민박,풍경,향기
INFO:root:Bed and Breakfast
	Original Length:1493
	Incorrect Length:635
	Percentage:42.53181513730743
INFO:root:2022-12-12 10:40:41.601136 Subcategory_Pet_Store.csv processed. Found these to be problematic:
부평,퍼피,용품,강아지,호텔,하우스,본점,사랑,인천,러브,애견,꼬리
INFO:root:Pet Store
	Original Length:304
	Incorrect Length:112
	Percentage:36.8421052631579
INFO:root:2022-12-12 10:40:41.643575 Subcategory_Clothing_Store.csv processed. Found these to be problematic:
구제,아이즈,명품,의류,논현,스퀘어,패션,레드,인천,학생복,구월,홈플러스,부평,연수
INFO:root:Clothing Store
	Original Length:1193
	Incorrect Length:628
	Percentage:52.640402347024306
INFO:root:2022-12-12 10:40:41.660666 Subcategory_Dock.csv processed. Found these to be problematic:
신도,포리,남항,무리,부두,나루,선착장
INFO:root:Dock
	Original Length:100
	Incorrect Length:99
	Percentage:99.0
INFO:root:2022-12-12 10:40:41.668815 Subcategory_Port.csv processed. Found these to be problematic:
군포,왕산,건평,말도,인천,포구,후포항,어류
INFO:root:Port
	Original Length:33
	Incorrect Length:17
	Percentage:51.515151515151516
INFO:root:2022-12-12 10:40:41.681531 Subcategory_School.csv processed. Found these to be problematic:
중학교,인천
INFO:root:School
	Original Length:608
	Incorrect Length:3
	Percentage:0.4934210526315789
INFO:root:2022-12-12 10:40:41.709087 Subcategory_Church.csv processed. Found these to be problematic:
교회,인천
INFO:root:Church
	Original Length:557
	Incorrect Length:555
	Percentage:99.64093357271095
INFO:root:2022-12-12 10:40:41.725154 Subcategory_Pizza.csv processed. Found these to be problematic:
연수,인천,피자,구월
INFO:root:Pizza
	Original Length:360
	Incorrect Length:10
	Percentage:2.7777777777777777
INFO:root:2022-12-12 10:40:41.759830 Subcategory_Convenience_Store.csv processed. Found these to be problematic:
영종,주안,이마트,인천,미니스톱,구월,연수
INFO:root:Convenience Store
	Original Length:2150
	Incorrect Length:116
	Percentage:5.395348837209302
INFO:root:2022-12-12 10:40:41.768677 Subcategory_Farm.csv processed. Found these to be problematic:
농장,풍년
INFO:root:Farm
	Original Length:2
	Incorrect Length:2
	Percentage:100.0
INFO:root:2022-12-12 10:40:41.781323 Subcategory_Veterinarian.csv processed. Found these to be problematic:
종합,동물
INFO:root:Veterinarian
	Original Length:167
	Incorrect Length:165
	Percentage:98.80239520958084
INFO:root:2022-12-12 10:40:41.790734 Subcategory_Sushi.csv processed. Found these to be problematic:
궁기,초밥,유진
INFO:root:Sushi
	Original Length:72
	Incorrect Length:5
	Percentage:6.944444444444445
INFO:root:2022-12-12 10:40:41.814334 Subcategory_Mobile_Phone_Shop.csv processed. Found these to be problematic:
정보,통신,텔레콤,마트,에이치,휴대폰,인천,매장,모바일,핸드폰,중고,컴퍼니
INFO:root:Mobile Phone Shop
	Original Length:533
	Incorrect Length:404
	Percentage:75.79737335834896
INFO:root:2022-12-12 10:40:41.830852 Subcategory_Furniture_Store.csv processed. Found these to be problematic:
가구,전시장,인천,부평,동서
INFO:root:Furniture Store
	Original Length:614
	Incorrect Length:16
	Percentage:2.6058631921824102
INFO:root:2022-12-12 10:40:41.838455 Subcategory_Bridge.csv processed. Found these to be problematic:
대교,승기,다남,송도,램프,철교,연륙교
INFO:root:Bridge
	Original Length:24
	Incorrect Length:22
	Percentage:91.66666666666667
INFO:root:2022-12-12 10:40:41.845562 Subcategory_Ruin.csv processed. Found these to be problematic:
수목원,강화,인천,온실
INFO:root:Ruin
	Original Length:5
	Incorrect Length:5
	Percentage:100.0
INFO:root:2022-12-12 10:40:41.858044 Subcategory_Spa.csv processed. Found these to be problematic:
가마,강화,목욕탕,황토,사우나,렉스,스파,한증막,랜드,찜질방,대중,해수,보석
INFO:root:Spa
	Original Length:160
	Incorrect Length:141
	Percentage:88.125
INFO:root:2022-12-12 10:40:41.875781 Subcategory_Billiards.csv processed. Found these to be problematic:
클럽,당구
INFO:root:Billiards
	Original Length:324
	Incorrect Length:316
	Percentage:97.53086419753086
INFO:root:2022-12-12 10:40:41.891510 Subcategory_Jewelry.csv processed. Found these to be problematic:
쥬얼리,골드,금사,거래소,귀금속,티파니,주얼리,인천,황금,도매,보석
INFO:root:Jewelry
	Original Length:305
	Incorrect Length:155
	Percentage:50.81967213114754
INFO:root:2022-12-12 10:40:41.919350 Subcategory_Repair_Services.csv processed. Found these to be problematic:
컴퓨터,수선,에어컨,수리,서비스,복구,픽스,닥터,센터,의상실,119,인천,PC,부평,아이폰
INFO:root:Repair Services
	Original Length:741
	Incorrect Length:574
	Percentage:77.46288798920378
INFO:root:2022-12-12 10:40:41.937900 Subcategory_Golf_Course.csv processed. Found these to be problematic:
스크린,골프,클럽,스카이,송도,파크,인천,CC
INFO:root:Golf Course
	Original Length:244
	Incorrect Length:237
	Percentage:97.1311475409836
INFO:root:2022-12-12 10:40:41.950030 No errors for the file: Womens Apparel
INFO:root:2022-12-12 10:40:41.970249 Subcategory_Library.csv processed. Found these to be problematic:
나무,단지,마을,도서관,센터,송도,사랑,인천,독서실,스터디,문고,푸른
INFO:root:Library
	Original Length:442
	Incorrect Length:423
	Percentage:95.70135746606334
INFO:root:2022-12-12 10:40:41.982415 Subcategory_Car_Wash.csv processed. Found these to be problematic:
스팀,자동차,세차
INFO:root:Car Wash
	Original Length:187
	Incorrect Length:6
	Percentage:3.2085561497326203
INFO:root:2022-12-12 10:40:41.992779 Subcategory_Ice_Cream_Shop.csv processed. Found these to be problematic:
홈플러스,배스킨라빈스,인천,구월
INFO:root:Ice Cream Shop
	Original Length:146
	Incorrect Length:105
	Percentage:71.91780821917808
INFO:root:2022-12-12 10:40:42.007681 Subcategory_Hotel.csv processed. Found these to be problematic:
오피스텔,리스,시티,영종,호텔,송도,예정,인천,스테이
INFO:root:Hotel
	Original Length:215
	Incorrect Length:180
	Percentage:83.72093023255815
INFO:root:2022-12-12 10:40:42.038224 Subcategory_Dentist.csv processed. Found these to be problematic:
치과,서울,의원
INFO:root:Dentist
	Original Length:735
	Incorrect Length:734
	Percentage:99.8639455782313
INFO:root:2022-12-12 10:40:42.090489 Subcategory_Hospital.csv processed. Found these to be problematic:
요양,연세,정형외과,안과,병원,이비인후과,내과,산부인과,비뇨기과,소아청소년과,피부과,보건,인천,의원,부평
INFO:root:Hospital
	Original Length:1361
	Incorrect Length:1306
	Percentage:95.95885378398236
INFO:root:2022-12-12 10:40:42.109271 Subcategory_Pastries.csv processed. Found these to be problematic:
해주,케이크,서정,카페,해피,앙금,인천,오븐,베이
INFO:root:Pastries
	Original Length:36
	Incorrect Length:24
	Percentage:66.66666666666667
INFO:root:2022-12-12 10:40:42.119503 Subcategory_Bookstore.csv processed. Found these to be problematic:
제이,개똥이,웅진,서점,서적,북스,인천,문고,책방
INFO:root:Bookstore
	Original Length:109
	Incorrect Length:85
	Percentage:77.98165137614679
INFO:root:2022-12-12 10:40:42.129291 Subcategory_American_Food.csv processed. Found these to be problematic:
식당,핫도그,감성,명랑
INFO:root:American Food
	Original Length:118
	Incorrect Length:31
	Percentage:26.271186440677965
INFO:root:2022-12-12 10:40:42.141050 Subcategory_Fishing.csv processed. Found these to be problematic:
낚시,인천,유선,피싱
INFO:root:Fishing
	Original Length:129
	Incorrect Length:105
	Percentage:81.3953488372093
INFO:root:2022-12-12 10:40:42.152200 Subcategory_Tennis_Court.csv processed. Found these to be problematic:
클럽,단지,현대,테니스,인천,부평,연수
INFO:root:Tennis Court
	Original Length:102
	Incorrect Length:102
	Percentage:100.0
INFO:root:2022-12-12 10:40:42.162242 Subcategory_Food_and_Beverage_Shop.csv processed. Found these to be problematic:
뷔페,웨딩,부페,한식,호텔,스타,랜드,고기,무한,파티,마루,식당
INFO:root:Food and Beverage Shop
	Original Length:36
	Incorrect Length:28
	Percentage:77.77777777777777
INFO:root:2022-12-12 10:40:42.175346 Subcategory_Used_Car_Dealership.csv processed. Found these to be problematic:
이카,오토,중고차,상사,패밀리,매매,모터스,인천,트레이딩,무역,자동차,부평,지점
INFO:root:Used Car Dealership
	Original Length:134
	Incorrect Length:104
	Percentage:77.61194029850746
INFO:root:2022-12-12 10:40:42.183580 Subcategory_Italian_Food.csv processed. Found these to be problematic:
비스트로,나폴리
INFO:root:Italian Food
	Original Length:64
	Incorrect Length:2
	Percentage:3.125
INFO:root:2022-12-12 10:40:42.192074 Subcategory_Bowling_Alley.csv processed. Found these to be problematic:
볼링,스트라이크
INFO:root:Bowling Alley
	Original Length:48
	Incorrect Length:47
	Percentage:97.91666666666667
INFO:root:2022-12-12 10:40:42.201269 Subcategory_Etc.csv processed. Found these to be problematic:
트리플,스프링,터미널,테크,산업,상가,정밀,기계
INFO:root:Etc
	Original Length:82
	Incorrect Length:45
	Percentage:54.8780487804878
INFO:root:2022-12-12 10:40:42.217653 Subcategory_Sporting_Goods_Store.csv processed. Found these to be problematic:
골프,바이크,체육,프로스펙스,휠라,논현,자전거,렉스,스포츠,인천,부평
INFO:root:Sporting Goods Store
	Original Length:299
	Incorrect Length:221
	Percentage:73.91304347826087
INFO:root:2022-12-12 10:40:42.228042 Subcategory_Bus_Station.csv processed. Found these to be problematic:
센터,정류장,환승
INFO:root:Bus Station
	Original Length:70
	Incorrect Length:12
	Percentage:17.142857142857142
INFO:root:2022-12-12 10:40:42.240101 Subcategory_Scientific_Research.csv processed. Found these to be problematic:
산업,센터,인천,한국,연구,교육,기술
INFO:root:Scientific Research
	Original Length:131
	Incorrect Length:116
	Percentage:88.54961832061069
INFO:root:2022-12-12 10:40:42.250032 Subcategory_Burgers.csv processed. Found these to be problematic:
송도,구월,인천,맥도날드
INFO:root:Burgers
	Original Length:170
	Incorrect Length:5
	Percentage:2.9411764705882355
INFO:root:2022-12-12 10:40:42.275884 Subcategory_Gas_Station.csv processed. Found these to be problematic:
셀프,유소,충전,직영,동주,행복,GS칼텍스,인천,에너지
INFO:root:Gas Station
	Original Length:541
	Incorrect Length:537
	Percentage:99.26062846580406
INFO:root:2022-12-12 10:40:42.288325 Subcategory_Metro_Station.csv processed. Found these to be problematic:
원인재역
INFO:root:Metro Station
	Original Length:91
	Incorrect Length:1
	Percentage:1.098901098901099
INFO:root:2022-12-12 10:40:42.298658 Subcategory_Tire_Store.csv processed. Found these to be problematic:
한국타이어,자동차,인천,타이어
INFO:root:Tire Store
	Original Length:255
	Incorrect Length:19
	Percentage:7.450980392156863
INFO:root:2022-12-12 10:40:42.306881 Subcategory_Basketball.csv processed. Found these to be problematic:
한화,단지,농구장
INFO:root:Basketball
	Original Length:46
	Incorrect Length:8
	Percentage:17.391304347826086
INFO:root:2022-12-12 10:40:42.316812 Subcategory_Mens_Apparel.csv processed. Found these to be problematic:
복점,옴므,리드,테일러,인천,구월,루쏘,부평
INFO:root:Mens Apparel
	Original Length:114
	Incorrect Length:70
	Percentage:61.40350877192982
INFO:root:2022-12-12 10:40:42.331990 Subcategory_Optical.csv processed. Found these to be problematic:
논현,아이,렌즈,인천,구월,안경,글라스,부평
INFO:root:Optical
	Original Length:263
	Incorrect Length:257
	Percentage:97.71863117870723
INFO:root:2022-12-12 10:48:04.420008 Subcategory_Other_Professional_Place.csv processed. Found these to be problematic:
아파트,복지,부평,정문,공원,입구,송도,지하,빌딩,단지,후문,센터,출구,인천
INFO:root:Other Professional Place
	Original Length:21786
	Incorrect Length:17750
	Percentage:81.47434132011384
INFO:root:2022-12-12 10:48:05.458851 Subcategory_House.csv processed. Found these to be problematic:
아파트,드림,주택,아트,하우스,삼성,빌라,현대,캐슬,오피스텔,파크빌,그린,리지,맨션,타운
INFO:root:House
	Original Length:20413
	Incorrect Length:14056
	Percentage:68.85808063488953
INFO:root:2022-12-12 10:48:05.585569 Subcategory_Harbor.csv processed. Found these to be problematic:
외포항,인천항,장곳항,산포,선착장,포구
INFO:root:Harbor
	Original Length:9
	Incorrect Length:9
	Percentage:100.0
INFO:root:2022-12-12 10:48:05.743441 Subcategory_Korean_Food.csv processed. Found these to be problematic:
떡볶이,부평,식당,순대,갈비,김밥,칼국수,본점,인천,분식,곱창,족발
INFO:root:Korean Food
	Original Length:10181
	Incorrect Length:1581
	Percentage:15.528926431588253
INFO:root:2022-12-12 10:48:05.797322 Subcategory_Coffee_Shop.csv processed. Found these to be problematic:
커피,다방,구월,인천,카페
INFO:root:Coffee Shop
	Original Length:2659
	Incorrect Length:194
	Percentage:7.295975930801053
INFO:root:2022-12-12 10:48:05.811315 Subcategory_Motel.csv processed. Found these to be problematic:
인천,스테이,호텔
INFO:root:Motel
	Original Length:539
	Incorrect Length:3
	Percentage:0.5565862708719852
WARNING:root:2022-12-12 10:48:05.912536 Subcategory.BUSINESS dictionary is not yet built
INFO:root:2022-12-12 10:48:06.210811 Subcategory_Other_Shops_and_Service.csv processed. Found these to be problematic:
종합,아파트,자원,부평,네일,상사,상가,송도,지점,대리점,단지,센터,인테리어,인천
INFO:root:Other Shops and Service
	Original Length:15760
	Incorrect Length:4726
	Percentage:29.987309644670052
INFO:root:2022-12-12 10:48:06.267990 Subcategory_Market.csv processed. Found these to be problematic:
시장,소래
INFO:root:Market
	Original Length:86
	Incorrect Length:74
	Percentage:86.04651162790698
INFO:root:2022-12-12 10:48:06.293621 Subcategory_Chinese_Food.csv processed. Found these to be problematic:
중국,꼬치,중화요리,짬뽕,반점,마라탕,탕수육,본점,차이나,인천
INFO:root:Chinese Food
	Original Length:795
	Incorrect Length:353
	Percentage:44.40251572327044
INFO:root:2022-12-12 10:48:06.312279 Subcategory_Consumer_Electronics_Store.csv processed. Found these to be problematic:
종합,삼성,가전,미싱,부평,디지털,전자,매장,롯데하이마트,센터,인천,프라자,중고
INFO:root:Consumer Electronics Store
	Original Length:303
	Incorrect Length:226
	Percentage:74.58745874587459
INFO:root:2022-12-12 10:48:06.352125 Subcategory_Electrical.csv processed. Found these to be problematic:
시스템,조명,가스,에너지,테크,산업,케이,전자,코리아,전기,기전,인천
INFO:root:Electrical
	Original Length:1198
	Incorrect Length:715
	Percentage:59.68280467445743
INFO:root:2022-12-12 10:48:06.384566 Subcategory_Parking.csv processed. Found these to be problematic:
주안,공영,주차장,센터,교회,인천,병원
INFO:root:Parking
	Original Length:1420
	Incorrect Length:152
	Percentage:10.704225352112676
INFO:root:2022-12-12 10:48:06.596804 Subcategory_Other_Education.csv processed. Found these to be problematic:
아이,병설,캠퍼스,교습소,송도,유치원,학원,전문,어린이집,영어,교실,센터,인천,피아노,수학,미술
INFO:root:Other Education
	Original Length:6325
	Incorrect Length:5588
	Percentage:88.34782608695652
INFO:root:2022-12-12 10:48:06.661059 Subcategory_Nursing_Home.csv processed. Found these to be problematic:
노인,드림,복지,행복,사랑,센터,요양,실버
INFO:root:Nursing Home
	Original Length:311
	Incorrect Length:298
	Percentage:95.81993569131832
INFO:root:2022-12-12 10:48:06.811214 Subcategory_Building.csv processed. Found these to be problematic:
드림,제일,랜드,조은,삼성,부동산,현대,개발,송도,미래,우리,중개,무소,행운
INFO:root:Building
	Original Length:4504
	Incorrect Length:4081
	Percentage:90.60834813499112
INFO:root:2022-12-12 10:48:06.873164 Subcategory_Footwear.csv processed. Found these to be problematic:
신발,아이,홈플러스,부평,제화,슈즈,엘칸토,인천,중심
INFO:root:Footwear
	Original Length:158
	Incorrect Length:104
	Percentage:65.82278481012658
INFO:root:2022-12-12 10:48:06.922049 Subcategory_Chicken_Restaurant.csv processed. Found these to be problematic:
부평,치킨,송도,동점,페리카나,통닭,닭강정,인천
INFO:root:Chicken Restaurant
	Original Length:1301
	Incorrect Length:1106
	Percentage:85.01152959262106
INFO:root:2022-12-12 10:48:06.938598 No errors for the file: Aquarium
INFO:root:2022-12-12 10:48:07.038530 Subcategory_Home_Improvement_Store.csv processed. Found these to be problematic:
종합,개발,변기,산업,수도,설비,하수구,건축,누수,전기,철물,공사,인테리어,건설,인천
INFO:root:Home Improvement Store
	Original Length:3272
	Incorrect Length:2155
	Percentage:65.86185819070904
INFO:root:2022-12-12 10:48:07.080745 Subcategory_Warehouse.csv processed. Found these to be problematic:
종합,경인,한국,창고,국제,케이,물류,유통,로지스틱스,통상,센터,인천,푸드
INFO:root:Warehouse
	Original Length:511
	Incorrect Length:407
	Percentage:79.6477495107632
INFO:root:2022-12-12 10:48:07.101690 Subcategory_Bank.csv processed. Found these to be problematic:
출장소,남동,새마을금고,주안,기업은행,지점,금융,본점,공단,센터,인천
INFO:root:Bank
	Original Length:381
	Incorrect Length:208
	Percentage:54.59317585301837
INFO:root:2022-12-12 10:48:07.118124 Subcategory_Auto_Parts.csv processed. Found these to be problematic:
부품,대리점,자동차,유리,인천
INFO:root:Auto Parts
	Original Length:354
	Incorrect Length:74
	Percentage:20.903954802259886
INFO:root:2022-12-12 10:48:07.153363 Subcategory_Grocery.csv processed. Found these to be problematic:
마트,할인,매점,현대,슈퍼,농협,유통,상회,인천
INFO:root:Grocery
	Original Length:1747
	Incorrect Length:443
	Percentage:25.357756153405838
INFO:root:2022-12-12 10:48:07.236291 Subcategory_Beauty_Salon.csv processed. Found these to be problematic:
아트,부평,이용원,뷰티,클럽,라인,사랑,미용실,헤어,이발관,인천,살롱,갤러리
INFO:root:Beauty Salon
	Original Length:3869
	Incorrect Length:1139
	Percentage:29.439131558542257
INFO:root:2022-12-12 10:48:07.258181 Subcategory_Orchard.csv processed. Found these to be problematic:
마트,과일,농원,나라,야채,상회,농장,농산물
INFO:root:Orchard
	Original Length:186
	Incorrect Length:94
	Percentage:50.53763440860215
INFO:root:2022-12-12 10:48:07.274169 Subcategory_Bakery.csv processed. Found these to be problematic:
찹쌀,연수,구월,과자,인천,뚜레쥬르
INFO:root:Bakery
	Original Length:526
	Incorrect Length:77
	Percentage:14.638783269961976
INFO:root:2022-12-12 10:48:07.312644 Subcategory_Auto_Maintenance.csv processed. Found these to be problematic:
광택,정비,랜드,자동차,서비스,오토,모터스,인천,공업
INFO:root:Auto Maintenance
	Original Length:1618
	Incorrect Length:686
	Percentage:42.398022249690975
INFO:root:2022-12-12 10:48:07.328204 Subcategory_Temple.csv processed. Found these to be problematic:
불사,명사,선원,관음사,보문사,수사,대한불교조계종,정사,현사,운사
INFO:root:Temple
	Original Length:164
	Incorrect Length:54
	Percentage:32.926829268292686
INFO:root:2022-12-12 10:48:07.354302 Subcategory_Laundry.csv processed. Found these to be problematic:
수선,현대,세탁소,운동화,세탁
INFO:root:Laundry
	Original Length:1067
	Incorrect Length:343
	Percentage:32.146204311152765
INFO:root:2022-12-12 10:48:07.378903 Subcategory_Other_Parks_and_Outdoors.csv processed. Found these to be problematic:
아파트,영종,자연,체육,공원,송도,클럽,단지,타운,센터,파크,탁구,구역,인천,도시,배드민턴
INFO:root:Other Parks and Outdoors
	Original Length:466
	Incorrect Length:405
	Percentage:86.9098712446352
INFO:root:2022-12-12 10:48:07.392445 Subcategory_Fire_Station.csv processed. Found these to be problematic:
지역,부평,센터,인천,구조,강화
INFO:root:Fire Station
	Original Length:91
	Incorrect Length:91
	Percentage:100.0
INFO:root:2022-12-12 10:48:07.419631 Subcategory_Butcher.csv processed. Found these to be problematic:
계란,화점,정육,한우,도매,축산,우리,미트,유통,센터,인천,총각,고기
INFO:root:Butcher
	Original Length:662
	Incorrect Length:578
	Percentage:87.31117824773413
INFO:root:2022-12-12 10:48:07.437422 Subcategory_Japanese_Food.csv processed. Found these to be problematic:
우동,부평,일식,돈가스,연어,샤브샤브,본점,초밥,구월,인천
INFO:root:Japanese Food
	Original Length:402
	Incorrect Length:47
	Percentage:11.691542288557214
INFO:root:2022-12-12 10:48:07.478591 Subcategory_Bed_and_Breakfast.csv processed. Found these to be problematic:
노을,비치,하우스,민박,여인숙,향기,여관,마을,풍경,바다,강화
INFO:root:Bed and Breakfast
	Original Length:1493
	Incorrect Length:635
	Percentage:42.53181513730743
INFO:root:2022-12-12 10:48:07.498578 Subcategory_Pet_Store.csv processed. Found these to be problematic:
강아지,부평,하우스,용품,꼬리,애견,퍼피,호텔,본점,사랑,인천,러브
INFO:root:Pet Store
	Original Length:304
	Incorrect Length:112
	Percentage:36.8421052631579
INFO:root:2022-12-12 10:48:07.536024 Subcategory_Clothing_Store.csv processed. Found these to be problematic:
홈플러스,부평,의류,연수,스퀘어,명품,패션,구제,구월,학생복,인천,아이즈,레드,논현
INFO:root:Clothing Store
	Original Length:1193
	Incorrect Length:628
	Percentage:52.640402347024306
INFO:root:2022-12-12 10:48:07.552023 Subcategory_Dock.csv processed. Found these to be problematic:
나루,무리,신도,남항,포리,부두,선착장
INFO:root:Dock
	Original Length:100
	Incorrect Length:99
	Percentage:99.0
INFO:root:2022-12-12 10:48:07.561261 Subcategory_Port.csv processed. Found these to be problematic:
건평,어류,후포항,군포,왕산,말도,인천,포구
INFO:root:Port
	Original Length:33
	Incorrect Length:17
	Percentage:51.515151515151516
INFO:root:2022-12-12 10:48:07.579535 Subcategory_School.csv processed. Found these to be problematic:
인천,중학교
INFO:root:School
	Original Length:608
	Incorrect Length:3
	Percentage:0.4934210526315789
INFO:root:2022-12-12 10:48:07.610859 Subcategory_Church.csv processed. Found these to be problematic:
교회,인천
INFO:root:Church
	Original Length:557
	Incorrect Length:555
	Percentage:99.64093357271095
INFO:root:2022-12-12 10:48:07.628498 Subcategory_Pizza.csv processed. Found these to be problematic:
피자,인천,구월,연수
INFO:root:Pizza
	Original Length:360
	Incorrect Length:10
	Percentage:2.7777777777777777
INFO:root:2022-12-12 10:48:07.667112 Subcategory_Convenience_Store.csv processed. Found these to be problematic:
영종,이마트,주안,연수,미니스톱,구월,인천
INFO:root:Convenience Store
	Original Length:2150
	Incorrect Length:116
	Percentage:5.395348837209302
INFO:root:2022-12-12 10:48:07.676351 Subcategory_Farm.csv processed. Found these to be problematic:
농장,풍년
INFO:root:Farm
	Original Length:2
	Incorrect Length:2
	Percentage:100.0
INFO:root:2022-12-12 10:48:07.689231 Subcategory_Veterinarian.csv processed. Found these to be problematic:
종합,동물
INFO:root:Veterinarian
	Original Length:167
	Incorrect Length:165
	Percentage:98.80239520958084
INFO:root:2022-12-12 10:48:07.699786 Subcategory_Sushi.csv processed. Found these to be problematic:
궁기,유진,초밥
INFO:root:Sushi
	Original Length:72
	Incorrect Length:5
	Percentage:6.944444444444445
INFO:root:2022-12-12 10:48:07.722874 Subcategory_Mobile_Phone_Shop.csv processed. Found these to be problematic:
핸드폰,마트,모바일,컴퍼니,통신,에이치,휴대폰,매장,정보,텔레콤,인천,중고
INFO:root:Mobile Phone Shop
	Original Length:533
	Incorrect Length:404
	Percentage:75.79737335834896
INFO:root:2022-12-12 10:48:07.740084 Subcategory_Furniture_Store.csv processed. Found these to be problematic:
부평,동서,전시장,인천,가구
INFO:root:Furniture Store
	Original Length:614
	Incorrect Length:16
	Percentage:2.6058631921824102
INFO:root:2022-12-12 10:48:07.748150 Subcategory_Bridge.csv processed. Found these to be problematic:
다남,대교,송도,연륙교,램프,철교,승기
INFO:root:Bridge
	Original Length:24
	Incorrect Length:22
	Percentage:91.66666666666667
INFO:root:2022-12-12 10:48:07.754816 Subcategory_Ruin.csv processed. Found these to be problematic:
온실,인천,수목원,강화
INFO:root:Ruin
	Original Length:5
	Incorrect Length:5
	Percentage:100.0
INFO:root:2022-12-12 10:48:07.767131 Subcategory_Spa.csv processed. Found these to be problematic:
한증막,랜드,해수,스파,대중,찜질방,렉스,사우나,가마,목욕탕,보석,강화,황토
INFO:root:Spa
	Original Length:160
	Incorrect Length:141
	Percentage:88.125
INFO:root:2022-12-12 10:48:07.784538 Subcategory_Billiards.csv processed. Found these to be problematic:
당구,클럽
INFO:root:Billiards
	Original Length:324
	Incorrect Length:316
	Percentage:97.53086419753086
INFO:root:2022-12-12 10:48:07.801185 Subcategory_Jewelry.csv processed. Found these to be problematic:
황금,귀금속,티파니,도매,거래소,금사,주얼리,쥬얼리,골드,보석,인천
INFO:root:Jewelry
	Original Length:305
	Incorrect Length:155
	Percentage:50.81967213114754
INFO:root:2022-12-12 10:48:07.830153 Subcategory_Repair_Services.csv processed. Found these to be problematic:
복구,아이폰,수선,에어컨,부평,수리,119,서비스,닥터,PC,센터,픽스,컴퓨터,인천,의상실
INFO:root:Repair Services
	Original Length:741
	Incorrect Length:574
	Percentage:77.46288798920378
INFO:root:2022-12-12 10:48:07.850780 Subcategory_Golf_Course.csv processed. Found these to be problematic:
스카이,CC,클럽,송도,스크린,파크,인천,골프
INFO:root:Golf Course
	Original Length:244
	Incorrect Length:237
	Percentage:97.1311475409836
INFO:root:2022-12-12 10:48:07.863679 No errors for the file: Womens Apparel
INFO:root:2022-12-12 10:48:07.885063 Subcategory_Library.csv processed. Found these to be problematic:
독서실,나무,송도,단지,사랑,스터디,마을,센터,도서관,푸른,문고,인천
INFO:root:Library
	Original Length:442
	Incorrect Length:423
	Percentage:95.70135746606334
INFO:root:2022-12-12 10:48:07.897514 Subcategory_Car_Wash.csv processed. Found these to be problematic:
자동차,세차,스팀
INFO:root:Car Wash
	Original Length:187
	Incorrect Length:6
	Percentage:3.2085561497326203
INFO:root:2022-12-12 10:48:07.907414 Subcategory_Ice_Cream_Shop.csv processed. Found these to be problematic:
홈플러스,구월,인천,배스킨라빈스
INFO:root:Ice Cream Shop
	Original Length:146
	Incorrect Length:105
	Percentage:71.91780821917808
INFO:root:2022-12-12 10:48:07.921829 Subcategory_Hotel.csv processed. Found these to be problematic:
영종,시티,리스,송도,오피스텔,호텔,스테이,인천,예정
INFO:root:Hotel
	Original Length:215
	Incorrect Length:180
	Percentage:83.72093023255815
INFO:root:2022-12-12 10:48:07.956819 Subcategory_Dentist.csv processed. Found these to be problematic:
서울,치과,의원
INFO:root:Dentist
	Original Length:735
	Incorrect Length:734
	Percentage:99.8639455782313
INFO:root:2022-12-12 10:48:08.012184 Subcategory_Hospital.csv processed. Found these to be problematic:
소아청소년과,부평,비뇨기과,이비인후과,보건,의원,정형외과,안과,연세,피부과,내과,요양,인천,병원,산부인과
INFO:root:Hospital
	Original Length:1361
	Incorrect Length:1306
	Percentage:95.95885378398236
INFO:root:2022-12-12 10:48:08.031394 Subcategory_Pastries.csv processed. Found these to be problematic:
해주,해피,오븐,서정,베이,앙금,인천,케이크,카페
INFO:root:Pastries
	Original Length:36
	Incorrect Length:24
	Percentage:66.66666666666667
INFO:root:2022-12-12 10:48:08.041122 Subcategory_Bookstore.csv processed. Found these to be problematic:
개똥이,북스,서점,서적,제이,웅진,문고,책방,인천
INFO:root:Bookstore
	Original Length:109
	Incorrect Length:85
	Percentage:77.98165137614679
INFO:root:2022-12-12 10:48:08.050785 Subcategory_American_Food.csv processed. Found these to be problematic:
감성,식당,명랑,핫도그
INFO:root:American Food
	Original Length:118
	Incorrect Length:31
	Percentage:26.271186440677965
INFO:root:2022-12-12 10:48:08.062240 Subcategory_Fishing.csv processed. Found these to be problematic:
피싱,인천,낚시,유선
INFO:root:Fishing
	Original Length:129
	Incorrect Length:105
	Percentage:81.3953488372093
INFO:root:2022-12-12 10:48:08.073126 Subcategory_Tennis_Court.csv processed. Found these to be problematic:
테니스,부평,현대,연수,클럽,단지,인천
INFO:root:Tennis Court
	Original Length:102
	Incorrect Length:102
	Percentage:100.0
INFO:root:2022-12-12 10:48:08.081845 Subcategory_Food_and_Beverage_Shop.csv processed. Found these to be problematic:
웨딩,랜드,식당,호텔,뷔페,무한,스타,부페,마루,한식,파티,고기
INFO:root:Food and Beverage Shop
	Original Length:36
	Incorrect Length:28
	Percentage:77.77777777777777
INFO:root:2022-12-12 10:48:08.093117 Subcategory_Used_Car_Dealership.csv processed. Found these to be problematic:
중고차,부평,매매,상사,지점,트레이딩,무역,자동차,패밀리,오토,이카,모터스,인천
INFO:root:Used Car Dealership
	Original Length:134
	Incorrect Length:104
	Percentage:77.61194029850746
INFO:root:2022-12-12 10:48:08.101801 Subcategory_Italian_Food.csv processed. Found these to be problematic:
나폴리,비스트로
INFO:root:Italian Food
	Original Length:64
	Incorrect Length:2
	Percentage:3.125
INFO:root:2022-12-12 10:48:08.110369 Subcategory_Bowling_Alley.csv processed. Found these to be problematic:
볼링,스트라이크
INFO:root:Bowling Alley
	Original Length:48
	Incorrect Length:47
	Percentage:97.91666666666667
INFO:root:2022-12-12 10:48:08.120983 Subcategory_Etc.csv processed. Found these to be problematic:
정밀,상가,테크,산업,터미널,기계,스프링,트리플
INFO:root:Etc
	Original Length:82
	Incorrect Length:45
	Percentage:54.8780487804878
INFO:root:2022-12-12 10:48:08.137622 Subcategory_Sporting_Goods_Store.csv processed. Found these to be problematic:
부평,골프,바이크,프로스펙스,자전거,렉스,스포츠,인천,휠라,체육,논현
INFO:root:Sporting Goods Store
	Original Length:299
	Incorrect Length:221
	Percentage:73.91304347826087
INFO:root:2022-12-12 10:48:08.147469 Subcategory_Bus_Station.csv processed. Found these to be problematic:
센터,환승,정류장
INFO:root:Bus Station
	Original Length:70
	Incorrect Length:12
	Percentage:17.142857142857142
INFO:root:2022-12-12 10:48:08.157729 Subcategory_Scientific_Research.csv processed. Found these to be problematic:
연구,한국,교육,산업,센터,기술,인천
INFO:root:Scientific Research
	Original Length:131
	Incorrect Length:116
	Percentage:88.54961832061069
INFO:root:2022-12-12 10:48:08.167802 Subcategory_Burgers.csv processed. Found these to be problematic:
인천,송도,맥도날드,구월
INFO:root:Burgers
	Original Length:170
	Incorrect Length:5
	Percentage:2.9411764705882355
INFO:root:2022-12-12 10:48:08.191774 Subcategory_Gas_Station.csv processed. Found these to be problematic:
충전,직영,행복,에너지,GS칼텍스,유소,동주,인천,셀프
INFO:root:Gas Station
	Original Length:541
	Incorrect Length:537
	Percentage:99.26062846580406
INFO:root:2022-12-12 10:48:08.204671 Subcategory_Metro_Station.csv processed. Found these to be problematic:
원인재역
INFO:root:Metro Station
	Original Length:91
	Incorrect Length:1
	Percentage:1.098901098901099
INFO:root:2022-12-12 10:48:08.215700 Subcategory_Tire_Store.csv processed. Found these to be problematic:
타이어,자동차,인천,한국타이어
INFO:root:Tire Store
	Original Length:255
	Incorrect Length:19
	Percentage:7.450980392156863
INFO:root:2022-12-12 10:48:08.223506 Subcategory_Basketball.csv processed. Found these to be problematic:
농구장,한화,단지
INFO:root:Basketball
	Original Length:46
	Incorrect Length:8
	Percentage:17.391304347826086
INFO:root:2022-12-12 10:48:08.234284 Subcategory_Mens_Apparel.csv processed. Found these to be problematic:
테일러,부평,루쏘,리드,옴므,복점,구월,인천
INFO:root:Mens Apparel
	Original Length:114
	Incorrect Length:70
	Percentage:61.40350877192982
INFO:root:2022-12-12 10:48:08.252279 Subcategory_Optical.csv processed. Found these to be problematic:
아이,부평,렌즈,안경,구월,글라스,인천,논현
INFO:root:Optical
	Original Length:263
	Incorrect Length:257
	Percentage:97.71863117870723
WARNING:root:2022-12-12 10:50:28.777338 Subcategory.BUSINESS dictionary is not yet built
INFO:root:2022-12-12 10:50:29.284658 No errors for the file: Aquarium
INFO:root:2022-12-12 10:50:29.864714 No errors for the file: Womens Apparel
WARNING:root:2022-12-12 10:50:30.138068 Subcategory.MOT dictionary is not yet built
WARNING:root:2022-12-12 10:52:53.703520 Subcategory.BUSINESS dictionary is not yet built
INFO:root:2022-12-12 10:52:54.209538 No errors for the file: Aquarium
INFO:root:2022-12-12 10:52:54.787746 No errors for the file: Womens Apparel
WARNING:root:2022-12-12 10:52:55.056887 Subcategory.MOT dictionary is not yet built
WARNING:root:2022-12-12 10:52:55.168164 Subcategory.ORP dictionary is not yet built
INFO:root:2022-12-12 10:52:55.316988 No errors for the file: Restaurant
INFO:root:2022-12-12 10:52:55.343162 No errors for the file: Turkish Food
INFO:root:2022-12-12 10:52:55.361782 No errors for the file: Airport
INFO:root:2022-12-12 10:52:55.367477 No errors for the file: Train Station
INFO:root:2022-12-12 10:52:55.379290 No errors for the file: Ice Skating Rink
WARNING:root:2022-12-12 10:53:48.831384 Subcategory.BUSINESS dictionary is not yet built
INFO:root:2022-12-12 10:53:49.338773 No errors for the file: Aquarium
INFO:root:2022-12-12 10:53:49.910168 No errors for the file: Womens Apparel
WARNING:root:2022-12-12 10:53:50.169577 Subcategory.MOT dictionary is not yet built
WARNING:root:2022-12-12 10:53:50.276386 Subcategory.ORP dictionary is not yet built
INFO:root:2022-12-12 10:53:50.422588 No errors for the file: Restaurant
INFO:root:2022-12-12 10:53:50.452038 No errors for the file: Turkish Food
INFO:root:2022-12-12 10:53:50.471898 No errors for the file: Airport
INFO:root:2022-12-12 10:53:50.478033 No errors for the file: Train Station
INFO:root:2022-12-12 10:53:50.489712 No errors for the file: Ice Skating Rink
